<?xml version="1.0" encoding="UTF-8"?>
<!-- Generated by org.testng.reporters.JUnitReportReporter -->
<testsuite skipped="0" hostname="DESKTOP-6FTF0UD" name="Com.demo.test.LoginTest" tests="1" failures="0" timestamp="08 Dec 2019 05:37:09 GMT" time="21.331" errors="0">
  <testcase name="f" time="21.331" classname="Com.demo.test.LoginTest"/>
</testsuite> <!-- Com.demo.test.LoginTest -->
